# JRE version: Java(TM) SE Runtime Environment (8.0_40-b25) (build 1.8.0_40-b25)
# Java VM: Java HotSpot(TM) 64-Bit Server VM (25.40-b25 mixed mode windows-amd64 compressed oops)
Heap:
 PSYoungGen      total 228864K, used 24166K [0x00000000d5c00000, 0x00000000ed300000, 0x0000000100000000)
  eden space 214528K, 11% used [0x00000000d5c00000,0x00000000d7399bc0,0x00000000e2d80000)
  from space 14336K, 0% used [0x00000000e2d80000,0x00000000e2d80000,0x00000000e3b80000)
  to   space 14336K, 0% used [0x00000000ec500000,0x00000000ec500000,0x00000000ed300000)
 ParOldGen       total 84992K, used 15916K [0x0000000081400000, 0x0000000086700000, 0x00000000d5c00000)
  object space 84992K, 18% used [0x0000000081400000,0x000000008238b1f8,0x0000000086700000)
 Metaspace       used 37992K, capacity 38354K, committed 38784K, reserved 1083392K
  class space    used 4627K, capacity 4710K, committed 4736K, reserved 1048576K
GC Heap History (10 events):
Event: 1.877 GC heap before
{Heap before GC invocations=5 (full 1):
 PSYoungGen      total 138240K, used 5088K [0x00000000d5c00000, 0x00000000de800000, 0x0000000100000000)
  eden space 133120K, 0% used [0x00000000d5c00000,0x00000000d5c00000,0x00000000dde00000)
  from space 5120K, 99% used [0x00000000de300000,0x00000000de7f8020,0x00000000de800000)
  to   space 5120K, 0% used [0x00000000dde00000,0x00000000dde00000,0x00000000de300000)
 ParOldGen       total 87552K, used 11758K [0x0000000081400000, 0x0000000086980000, 0x00000000d5c00000)
  object space 87552K, 13% used [0x0000000081400000,0x0000000081f7b800,0x0000000086980000)
 Metaspace       used 20897K, capacity 21082K, committed 21296K, reserved 1069056K
  class space    used 2550K, capacity 2584K, committed 2688K, reserved 1048576K
Event: 1.921 GC heap after
Heap after GC invocations=5 (full 1):
 PSYoungGen      total 138240K, used 0K [0x00000000d5c00000, 0x00000000de800000, 0x0000000100000000)
  eden space 133120K, 0% used [0x00000000d5c00000,0x00000000d5c00000,0x00000000dde00000)
  from space 5120K, 0% used [0x00000000de300000,0x00000000de300000,0x00000000de800000)
  to   space 5120K, 0% used [0x00000000dde00000,0x00000000dde00000,0x00000000de300000)
 ParOldGen       total 64000K, used 11666K [0x0000000081400000, 0x0000000085280000, 0x00000000d5c00000)
  object space 64000K, 18% used [0x0000000081400000,0x0000000081f648b0,0x0000000085280000)
 Metaspace       used 20897K, capacity 21082K, committed 21296K, reserved 1069056K
  class space    used 2550K, capacity 2584K, committed 2688K, reserved 1048576K
}
Event: 3.194 GC heap before
{Heap before GC invocations=6 (full 1):
 PSYoungGen      total 138240K, used 133120K [0x00000000d5c00000, 0x00000000de800000, 0x0000000100000000)
  eden space 133120K, 100% used [0x00000000d5c00000,0x00000000dde00000,0x00000000dde00000)
  from space 5120K, 0% used [0x00000000de300000,0x00000000de300000,0x00000000de800000)
  to   space 5120K, 0% used [0x00000000dde00000,0x00000000dde00000,0x00000000de300000)
 ParOldGen       total 64000K, used 11666K [0x0000000081400000, 0x0000000085280000, 0x00000000d5c00000)
  object space 64000K, 18% used [0x0000000081400000,0x0000000081f648b0,0x0000000085280000)
 Metaspace       used 31542K, capacity 31908K, committed 32256K, reserved 1077248K
  class space    used 3932K, capacity 4025K, committed 4096K, reserved 1048576K
Event: 3.236 GC heap after
Heap after GC invocations=6 (full 1):
 PSYoungGen      total 138240K, used 5097K [0x00000000d5c00000, 0x00000000e4880000, 0x0000000100000000)
  eden space 133120K, 0% used [0x00000000d5c00000,0x00000000d5c00000,0x00000000dde00000)
  from space 5120K, 99% used [0x00000000dde00000,0x00000000de2fa620,0x00000000de300000)
  to   space 13312K, 0% used [0x00000000e3b80000,0x00000000e3b80000,0x00000000e4880000)
 ParOldGen       total 64000K, used 17627K [0x0000000081400000, 0x0000000085280000, 0x00000000d5c00000)
  object space 64000K, 27% used [0x0000000081400000,0x0000000082536dc8,0x0000000085280000)
 Metaspace       used 31542K, capacity 31908K, committed 32256K, reserved 1077248K
  class space    used 3932K, capacity 4025K, committed 4096K, reserved 1048576K
}
Event: 4.020 GC heap before
{Heap before GC invocations=7 (full 1):
 PSYoungGen      total 138240K, used 138217K [0x00000000d5c00000, 0x00000000e4880000, 0x0000000100000000)
  eden space 133120K, 100% used [0x00000000d5c00000,0x00000000dde00000,0x00000000dde00000)
  from space 5120K, 99% used [0x00000000dde00000,0x00000000de2fa620,0x00000000de300000)
  to   space 13312K, 0% used [0x00000000e3b80000,0x00000000e3b80000,0x00000000e4880000)
 ParOldGen       total 64000K, used 17627K [0x0000000081400000, 0x0000000085280000, 0x00000000d5c00000)
  object space 64000K, 27% used [0x0000000081400000,0x0000000082536dc8,0x0000000085280000)
 Metaspace       used 34422K, capacity 34760K, committed 35072K, reserved 1079296K
  class space    used 4260K, capacity 4351K, committed 4352K, reserved 1048576K
Event: 4.083 GC heap after
Heap after GC invocations=7 (full 1):
 PSYoungGen      total 227840K, used 11625K [0x00000000d5c00000, 0x00000000e5100000, 0x0000000100000000)
  eden space 214528K, 0% used [0x00000000d5c00000,0x00000000d5c00000,0x00000000e2d80000)
  from space 13312K, 87% used [0x00000000e3b80000,0x00000000e46da458,0x00000000e4880000)
  to   space 14336K, 0% used [0x00000000e2d80000,0x00000000e2d80000,0x00000000e3b80000)
 ParOldGen       total 64000K, used 17635K [0x0000000081400000, 0x0000000085280000, 0x00000000d5c00000)
  object space 64000K, 27% used [0x0000000081400000,0x0000000082538dc8,0x0000000085280000)
 Metaspace       used 34422K, capacity 34760K, committed 35072K, reserved 1079296K
  class space    used 4260K, capacity 4351K, committed 4352K, reserved 1048576K
}
Event: 4.297 GC heap before
{Heap before GC invocations=8 (full 1):
 PSYoungGen      total 227840K, used 46123K [0x00000000d5c00000, 0x00000000e5100000, 0x0000000100000000)
  eden space 214528K, 16% used [0x00000000d5c00000,0x00000000d7db07c0,0x00000000e2d80000)
  from space 13312K, 87% used [0x00000000e3b80000,0x00000000e46da458,0x00000000e4880000)
  to   space 14336K, 0% used [0x00000000e2d80000,0x00000000e2d80000,0x00000000e3b80000)
 ParOldGen       total 64000K, used 17635K [0x0000000081400000, 0x0000000085280000, 0x00000000d5c00000)
  object space 64000K, 27% used [0x0000000081400000,0x0000000082538dc8,0x0000000085280000)
 Metaspace       used 34796K, capacity 35162K, committed 35456K, reserved 1081344K
  class space    used 4310K, capacity 4418K, committed 4480K, reserved 1048576K
Event: 4.306 GC heap after
Heap after GC invocations=8 (full 1):
 PSYoungGen      total 228864K, used 7504K [0x00000000d5c00000, 0x00000000ed300000, 0x0000000100000000)
  eden space 214528K, 0% used [0x00000000d5c00000,0x00000000d5c00000,0x00000000e2d80000)
  from space 14336K, 52% used [0x00000000e2d80000,0x00000000e34d4040,0x00000000e3b80000)
  to   space 14336K, 0% used [0x00000000ec500000,0x00000000ec500000,0x00000000ed300000)
 ParOldGen       total 64000K, used 17643K [0x0000000081400000, 0x0000000085280000, 0x00000000d5c00000)
  object space 64000K, 27% used [0x0000000081400000,0x000000008253adc8,0x0000000085280000)
 Metaspace       used 34796K, capacity 35162K, committed 35456K, reserved 1081344K
  class space    used 4310K, capacity 4418K, committed 4480K, reserved 1048576K
}
Event: 4.306 GC heap before
{Heap before GC invocations=9 (full 2):
 PSYoungGen      total 228864K, used 7504K [0x00000000d5c00000, 0x00000000ed300000, 0x0000000100000000)
  eden space 214528K, 0% used [0x00000000d5c00000,0x00000000d5c00000,0x00000000e2d80000)
  from space 14336K, 52% used [0x00000000e2d80000,0x00000000e34d4040,0x00000000e3b80000)
  to   space 14336K, 0% used [0x00000000ec500000,0x00000000ec500000,0x00000000ed300000)
 ParOldGen       total 64000K, used 17643K [0x0000000081400000, 0x0000000085280000, 0x00000000d5c00000)
  object space 64000K, 27% used [0x0000000081400000,0x000000008253adc8,0x0000000085280000)
 Metaspace       used 34796K, capacity 35162K, committed 35456K, reserved 1081344K
  class space    used 4310K, capacity 4418K, committed 4480K, reserved 1048576K
Event: 4.357 GC heap after
Heap after GC invocations=9 (full 2):
 PSYoungGen      total 228864K, used 0K [0x00000000d5c00000, 0x00000000ed300000, 0x0000000100000000)
  eden space 214528K, 0% used [0x00000000d5c00000,0x00000000d5c00000,0x00000000e2d80000)
  from space 14336K, 0% used [0x00000000e2d80000,0x00000000e2d80000,0x00000000e3b80000)
  to   space 14336K, 0% used [0x00000000ec500000,0x00000000ec500000,0x00000000ed300000)
 ParOldGen       total 84992K, used 15916K [0x0000000081400000, 0x0000000086700000, 0x00000000d5c00000)
  object space 84992K, 18% used [0x0000000081400000,0x000000008238b1f8,0x0000000086700000)
 Metaspace       used 34796K, capacity 35162K, committed 35456K, reserved 1081344K
  class space    used 4310K, capacity 4418K, committed 4480K, reserved 1048576K
}

